<?xml version="1.0" encoding="UTF-8"?>
<!-- Generated by org.testng.reporters.JUnitReportReporter -->
<testsuite hostname="JoshLaptop" name="TransformTest" tests="6" failures="0" timestamp="25 Oct 2017 01:53:19 GMT" time="0.026" errors="0">
  <testcase name="testColorShift" time="0.013" classname="TransformTest"/>
  <testcase name="testMystery" time="0.001" classname="TransformTest"/>
  <testcase name="testGreenScreen" time="0.003" classname="TransformTest"/>
  <testcase name="testPositionShifts" time="0.003" classname="TransformTest"/>
  <testcase name="testRotateAndFlip" time="0.003" classname="TransformTest"/>
  <testcase name="testShrinkOrExpand" time="0.003" classname="TransformTest"/>
</testsuite> <!-- TransformTest -->
